This is pdfTeX, Version 3.14159265-2.6-1.40.18 (TeX Live 2017/Arch Linux) (preloaded format=latex 2018.3.7)  15 APR 2018 15:46
entering extended mode
 restricted \write18 enabled.
 %&-line parsing enabled.
**\t

*
! Interruption.
<*> 
    
? 
Runaway argument?
! Paragraph ended before \UseTextAccent was complete.
<to be read again> 
                   \par 
<*> 
    
? 
(Please type a command or say `\end')
*exit

! LaTeX Error: Missing \begin{document}.

See the LaTeX manual or LaTeX Companion for explanation.
Type  H <return>  for immediate help.
 ...                                              
                                                  
<*> e
     xit
? \end
Type <return> to proceed, S to scroll future error messages,
R to run without stopping, Q to run quietly,
I to insert something, 
1 or ... or 9 to ignore the next 1 to 9 tokens of input,
H for help, X to quit.
? X
 
Here is how much of TeX's memory you used:
 4 strings out of 492983
 241 string characters out of 6138606
 54248 words of memory out of 5000000
 3672 multiletter control sequences out of 15000+600000
 3640 words of font info for 14 fonts, out of 8000000 for 9000
 1141 hyphenation exceptions out of 8191
 4i,0n,4p,11b,14s stack positions out of 5000i,500n,10000p,200000b,80000s
No pages of output.
