This is pdfTeX, Version 3.14159265-2.6-1.40.18 (TeX Live 2017/Arch Linux) (preloaded format=pdflatex 2018.3.7)  15 APR 2018 15:47
entering extended mode
 restricted \write18 enabled.
 %&-line parsing enabled.
**thinkperl6.tex
(./thinkperl6.tex
LaTeX2e <2017-04-15>
Babel <3.18> and hyphenation patterns for 84 language(s) loaded.
(/usr/share/texmf-dist/tex/latex/base/book.cls
Document Class: book 2014/09/29 v1.4h Standard LaTeX document class
(/usr/share/texmf-dist/tex/latex/base/bk10.clo
File: bk10.clo 2014/09/29 v1.4h Standard LaTeX file (size option)
)
\c@part=\count79
\c@chapter=\count80
\c@section=\count81
\c@subsection=\count82
\c@subsubsection=\count83
\c@paragraph=\count84
\c@subparagraph=\count85
\c@figure=\count86
\c@table=\count87
\abovecaptionskip=\skip41
\belowcaptionskip=\skip42
\bibindent=\dimen102
)
(/usr/share/texmf-dist/tex/latex/geometry/geometry.sty
Package: geometry 2010/09/12 v5.6 Page Geometry

(/usr/share/texmf-dist/tex/latex/graphics/keyval.sty
Package: keyval 2014/10/28 v1.15 key=value parser (DPC)
\KV@toks@=\toks14
)
(/usr/share/texmf-dist/tex/generic/oberdiek/ifpdf.sty
Package: ifpdf 2017/03/15 v3.2 Provides the ifpdf switch
)
(/usr/share/texmf-dist/tex/generic/oberdiek/ifvtex.sty
Package: ifvtex 2016/05/16 v1.6 Detect VTeX and its facilities (HO)
Package ifvtex Info: VTeX not detected.
)
(/usr/share/texmf-dist/tex/generic/ifxetex/ifxetex.sty
Package: ifxetex 2010/09/12 v0.6 Provides ifxetex conditional
)
\Gm@cnth=\count88
\Gm@cntv=\count89
\c@Gm@tempcnt=\count90
\Gm@bindingoffset=\dimen103
\Gm@wd@mp=\dimen104
\Gm@odd@mp=\dimen105
\Gm@even@mp=\dimen106
\Gm@layoutwidth=\dimen107
\Gm@layoutheight=\dimen108
\Gm@layouthoffset=\dimen109
\Gm@layoutvoffset=\dimen110
\Gm@dimlist=\toks15
)
(/usr/share/texmf-dist/tex/latex/base/fontenc.sty
Package: fontenc 2017/04/05 v2.0i Standard LaTeX package

(/usr/share/texmf-dist/tex/latex/base/t1enc.def
File: t1enc.def 2017/04/05 v2.0i Standard LaTeX file
LaTeX Font Info:    Redeclaring font encoding T1 on input line 48.
))
(/usr/share/texmf-dist/tex/latex/base/textcomp.sty
Package: textcomp 2017/04/05 v2.0i Standard LaTeX package
Package textcomp Info: Sub-encoding information:
(textcomp)               5 = only ISO-Adobe without \textcurrency
(textcomp)               4 = 5 + \texteuro
(textcomp)               3 = 4 + \textohm
(textcomp)               2 = 3 + \textestimated + \textcurrency
(textcomp)               1 = TS1 - \textcircled - \t
(textcomp)               0 = TS1 (full)
(textcomp)             Font families with sub-encoding setting implement
(textcomp)             only a restricted character set as indicated.
(textcomp)             Family '?' is the default used for unknown fonts.
(textcomp)             See the documentation for details.
Package textcomp Info: Setting ? sub-encoding to TS1/1 on input line 79.

(/usr/share/texmf-dist/tex/latex/base/ts1enc.def
File: ts1enc.def 2001/06/05 v3.0e (jk/car/fm) Standard LaTeX file
)
LaTeX Info: Redefining \oldstylenums on input line 334.
Package textcomp Info: Setting cmr sub-encoding to TS1/0 on input line 349.
Package textcomp Info: Setting cmss sub-encoding to TS1/0 on input line 350.
Package textcomp Info: Setting cmtt sub-encoding to TS1/0 on input line 351.
Package textcomp Info: Setting cmvtt sub-encoding to TS1/0 on input line 352.
Package textcomp Info: Setting cmbr sub-encoding to TS1/0 on input line 353.
Package textcomp Info: Setting cmtl sub-encoding to TS1/0 on input line 354.
Package textcomp Info: Setting ccr sub-encoding to TS1/0 on input line 355.
Package textcomp Info: Setting ptm sub-encoding to TS1/4 on input line 356.
Package textcomp Info: Setting pcr sub-encoding to TS1/4 on input line 357.
Package textcomp Info: Setting phv sub-encoding to TS1/4 on input line 358.
Package textcomp Info: Setting ppl sub-encoding to TS1/3 on input line 359.
Package textcomp Info: Setting pag sub-encoding to TS1/4 on input line 360.
Package textcomp Info: Setting pbk sub-encoding to TS1/4 on input line 361.
Package textcomp Info: Setting pnc sub-encoding to TS1/4 on input line 362.
Package textcomp Info: Setting pzc sub-encoding to TS1/4 on input line 363.
Package textcomp Info: Setting bch sub-encoding to TS1/4 on input line 364.
Package textcomp Info: Setting put sub-encoding to TS1/5 on input line 365.
Package textcomp Info: Setting uag sub-encoding to TS1/5 on input line 366.
Package textcomp Info: Setting ugq sub-encoding to TS1/5 on input line 367.
Package textcomp Info: Setting ul8 sub-encoding to TS1/4 on input line 368.
Package textcomp Info: Setting ul9 sub-encoding to TS1/4 on input line 369.
Package textcomp Info: Setting augie sub-encoding to TS1/5 on input line 370.
Package textcomp Info: Setting dayrom sub-encoding to TS1/3 on input line 371.
Package textcomp Info: Setting dayroms sub-encoding to TS1/3 on input line 372.

Package textcomp Info: Setting pxr sub-encoding to TS1/0 on input line 373.
Package textcomp Info: Setting pxss sub-encoding to TS1/0 on input line 374.
Package textcomp Info: Setting pxtt sub-encoding to TS1/0 on input line 375.
Package textcomp Info: Setting txr sub-encoding to TS1/0 on input line 376.
Package textcomp Info: Setting txss sub-encoding to TS1/0 on input line 377.
Package textcomp Info: Setting txtt sub-encoding to TS1/0 on input line 378.
Package textcomp Info: Setting lmr sub-encoding to TS1/0 on input line 379.
Package textcomp Info: Setting lmdh sub-encoding to TS1/0 on input line 380.
Package textcomp Info: Setting lmss sub-encoding to TS1/0 on input line 381.
Package textcomp Info: Setting lmssq sub-encoding to TS1/0 on input line 382.
Package textcomp Info: Setting lmvtt sub-encoding to TS1/0 on input line 383.
Package textcomp Info: Setting lmtt sub-encoding to TS1/0 on input line 384.
Package textcomp Info: Setting qhv sub-encoding to TS1/0 on input line 385.
Package textcomp Info: Setting qag sub-encoding to TS1/0 on input line 386.
Package textcomp Info: Setting qbk sub-encoding to TS1/0 on input line 387.
Package textcomp Info: Setting qcr sub-encoding to TS1/0 on input line 388.
Package textcomp Info: Setting qcs sub-encoding to TS1/0 on input line 389.
Package textcomp Info: Setting qpl sub-encoding to TS1/0 on input line 390.
Package textcomp Info: Setting qtm sub-encoding to TS1/0 on input line 391.
Package textcomp Info: Setting qzc sub-encoding to TS1/0 on input line 392.
Package textcomp Info: Setting qhvc sub-encoding to TS1/0 on input line 393.
Package textcomp Info: Setting futs sub-encoding to TS1/4 on input line 394.
Package textcomp Info: Setting futx sub-encoding to TS1/4 on input line 395.
Package textcomp Info: Setting futj sub-encoding to TS1/4 on input line 396.
Package textcomp Info: Setting hlh sub-encoding to TS1/3 on input line 397.
Package textcomp Info: Setting hls sub-encoding to TS1/3 on input line 398.
Package textcomp Info: Setting hlst sub-encoding to TS1/3 on input line 399.
Package textcomp Info: Setting hlct sub-encoding to TS1/5 on input line 400.
Package textcomp Info: Setting hlx sub-encoding to TS1/5 on input line 401.
Package textcomp Info: Setting hlce sub-encoding to TS1/5 on input line 402.
Package textcomp Info: Setting hlcn sub-encoding to TS1/5 on input line 403.
Package textcomp Info: Setting hlcw sub-encoding to TS1/5 on input line 404.
Package textcomp Info: Setting hlcf sub-encoding to TS1/5 on input line 405.
Package textcomp Info: Setting pplx sub-encoding to TS1/3 on input line 406.
Package textcomp Info: Setting pplj sub-encoding to TS1/3 on input line 407.
Package textcomp Info: Setting ptmx sub-encoding to TS1/4 on input line 408.
Package textcomp Info: Setting ptmj sub-encoding to TS1/4 on input line 409.
)
(/usr/share/texmf-dist/tex/latex/psnfss/mathpazo.sty
Package: mathpazo 2005/04/12 PSNFSS-v9.2a Palatino w/ Pazo Math (D.Puga, WaS) 
\symupright=\mathgroup4
)
(/usr/share/texmf-dist/tex/latex/url/url.sty
\Urlmuskip=\muskip10
Package: url 2013/09/16  ver 3.4  Verb mode for urls, etc.
)
(/usr/share/texmf-dist/tex/latex/fancyhdr/fancyhdr.sty
Package: fancyhdr 2017/06/30 v3.9a Extensive control of page headers and footer
s
\f@nch@headwidth=\skip43
\f@nch@O@elh=\skip44
\f@nch@O@erh=\skip45
\f@nch@O@olh=\skip46
\f@nch@O@orh=\skip47
\f@nch@O@elf=\skip48
\f@nch@O@erf=\skip49
\f@nch@O@olf=\skip50
\f@nch@O@orf=\skip51
)
(/usr/share/texmf-dist/tex/latex/graphics/graphicx.sty
Package: graphicx 2017/06/01 v1.1a Enhanced LaTeX Graphics (DPC,SPQR)

(/usr/share/texmf-dist/tex/latex/graphics/graphics.sty
Package: graphics 2017/06/25 v1.2c Standard LaTeX Graphics (DPC,SPQR)

(/usr/share/texmf-dist/tex/latex/graphics/trig.sty
Package: trig 2016/01/03 v1.10 sin cos tan (DPC)
)
(/usr/share/texmf-dist/tex/latex/graphics-cfg/graphics.cfg
File: graphics.cfg 2016/06/04 v1.11 sample graphics configuration
)
Package graphics Info: Driver file: pdftex.def on input line 99.

(/usr/share/texmf-dist/tex/latex/graphics-def/pdftex.def
File: pdftex.def 2018/01/08 v1.0l Graphics/color driver for pdftex
))
\Gin@req@height=\dimen111
\Gin@req@width=\dimen112
)
(/usr/share/texmf-dist/tex/latex/amsmath/amsmath.sty
Package: amsmath 2017/09/02 v2.17a AMS math features
\@mathmargin=\skip52

For additional information on amsmath, use the `?' option.
(/usr/share/texmf-dist/tex/latex/amsmath/amstext.sty
Package: amstext 2000/06/29 v2.01 AMS text

(/usr/share/texmf-dist/tex/latex/amsmath/amsgen.sty
File: amsgen.sty 1999/11/30 v2.0 generic functions
\@emptytoks=\toks16
\ex@=\dimen113
))
(/usr/share/texmf-dist/tex/latex/amsmath/amsbsy.sty
Package: amsbsy 1999/11/29 v1.2d Bold Symbols
\pmbraise@=\dimen114
)
(/usr/share/texmf-dist/tex/latex/amsmath/amsopn.sty
Package: amsopn 2016/03/08 v2.02 operator names
)
\inf@bad=\count91
LaTeX Info: Redefining \frac on input line 213.
\uproot@=\count92
\leftroot@=\count93
LaTeX Info: Redefining \overline on input line 375.
\classnum@=\count94
\DOTSCASE@=\count95
LaTeX Info: Redefining \ldots on input line 472.
LaTeX Info: Redefining \dots on input line 475.
LaTeX Info: Redefining \cdots on input line 596.
\Mathstrutbox@=\box26
\strutbox@=\box27
\big@size=\dimen115
LaTeX Font Info:    Redeclaring font encoding OML on input line 712.
LaTeX Font Info:    Redeclaring font encoding OMS on input line 713.
\macc@depth=\count96
\c@MaxMatrixCols=\count97
\dotsspace@=\muskip11
\c@parentequation=\count98
\dspbrk@lvl=\count99
\tag@help=\toks17
\row@=\count100
\column@=\count101
\maxfields@=\count102
\andhelp@=\toks18
\eqnshift@=\dimen116
\alignsep@=\dimen117
\tagshift@=\dimen118
\tagwidth@=\dimen119
\totwidth@=\dimen120
\lineht@=\dimen121
\@envbody=\toks19
\multlinegap=\skip53
\multlinetaggap=\skip54
\mathdisplay@stack=\toks20
LaTeX Info: Redefining \[ on input line 2817.
LaTeX Info: Redefining \] on input line 2818.
)
(/usr/share/texmf-dist/tex/latex/amscls/amsthm.sty
Package: amsthm 2017/10/31 v2.20.4
\thm@style=\toks21
\thm@bodyfont=\toks22
\thm@headfont=\toks23
\thm@notefont=\toks24
\thm@headpunct=\toks25
\thm@preskip=\skip55
\thm@postskip=\skip56
\thm@headsep=\skip57
\dth@everypar=\toks26
)
(/usr/share/texmf-dist/tex/latex/exercise/exercise.sty
Package: exercise 2014/10/20 v1.6 Exercise package (P.Pichaureau)

(/usr/share/texmf-dist/tex/latex/base/ifthen.sty
Package: ifthen 2014/09/29 v1.1c Standard LaTeX ifthen package (DPC)
)
\ExerciseSkipBefore=\skip58
\ExerciseSkipAfter=\skip59
\AnswerSkipBefore=\skip60
\AnswerSkipAfter=\skip61
\Exesep=\skip62
\Exetopsep=\skip63
\Exeparsep=\skip64
\Exepartopsep=\skip65
\Exeleftmargin=\skip66
\Exerightmargin=\skip67
\Exelabelwidth=\skip68
\Exelabelsep=\skip69
\ExerciseBefore=\skip70
\QuestionBefore=\skip71
\subQuestionBefore=\skip72
\subsubQuestionBefore=\skip73
\QuestionIndent=\skip74
\subQuestionIndent=\skip75
\subsubQuestionIndent=\skip76
\c@Exercise=\count103
\c@Answer=\count104
\c@ExePart=\count105
\c@Question=\count106
\c@subQuestion=\count107
\c@subsubQuestion=\count108
\c@savedQuestion=\count109
\c@savedsubQuestion=\count110
\c@savedsubsubQuestion=\count111
\@QuestionLevel=\count112
\@Exercisebox=\box28
\all@Exercisebox=\box29
\temp@Exercisebox=\box30
\all@Answerbox=\box31
\temp@Answerbox=\box32
\ExerciseDifficulty=\count113
\QuestionDifficulty=\count114
\subQuestionDifficulty=\count115
\subsubQuestionDifficulty=\count116
\ExePartDifficulty=\count117
\@Answerbox=\box33
\colonnesLevel=\count118
\tempskipa=\skip77
\tempskipb=\skip78
\@savedmathindent=\skip79
)
(/usr/share/texmf-dist/tex/latex/base/makeidx.sty
Package: makeidx 2014/09/29 v1.0m Standard LaTeX package
)
(/usr/share/texmf-dist/tex/latex/setspace/setspace.sty
Package: setspace 2011/12/19 v6.7a set line spacing
) (./hevea.sty
Package: hevea 2002/01/11

(/usr/share/texmf-dist/tex/latex/comment/comment.sty
\CommentStream=\write3

Excluding comment 'comment')
\c@cuttingdepth=\count119
 Excluding comment 'rawhtml'
Excluding comment 'htmlonly'
\@bgcolorbin=\box34
)
(/usr/share/texmf-dist/tex/latex/upquote/upquote.sty
Package: upquote 2012/04/19 v1.3 upright-quote and grave-accent glyphs in verba
tim
)
(/usr/share/texmf-dist/tex/latex/appendix/appendix.sty
Package: appendix 2009/09/02 v1.2b extra appendix facilities
\c@@pps=\count120
\c@@ppsavesec=\count121
\c@@ppsaveapp=\count122
)
(/usr/share/texmf-dist/tex/latex/hyperref/hyperref.sty
Package: hyperref 2018/02/06 v6.86b Hypertext links for LaTeX

(/usr/share/texmf-dist/tex/generic/oberdiek/hobsub-hyperref.sty
Package: hobsub-hyperref 2016/05/16 v1.14 Bundle oberdiek, subset hyperref (HO)


(/usr/share/texmf-dist/tex/generic/oberdiek/hobsub-generic.sty
Package: hobsub-generic 2016/05/16 v1.14 Bundle oberdiek, subset generic (HO)
Package: hobsub 2016/05/16 v1.14 Construct package bundles (HO)
Package: infwarerr 2016/05/16 v1.4 Providing info/warning/error messages (HO)
Package: ltxcmds 2016/05/16 v1.23 LaTeX kernel commands for general use (HO)
Package: ifluatex 2016/05/16 v1.4 Provides the ifluatex switch (HO)
Package ifluatex Info: LuaTeX not detected.
Package hobsub Info: Skipping package `ifvtex' (already loaded).
Package: intcalc 2016/05/16 v1.2 Expandable calculations with integers (HO)
Package hobsub Info: Skipping package `ifpdf' (already loaded).
Package: etexcmds 2016/05/16 v1.6 Avoid name clashes with e-TeX commands (HO)
Package etexcmds Info: Could not find \expanded.
(etexcmds)             That can mean that you are not using pdfTeX 1.50 or
(etexcmds)             that some package has redefined \expanded.
(etexcmds)             In the latter case, load this package earlier.
Package: kvsetkeys 2016/05/16 v1.17 Key value parser (HO)
Package: kvdefinekeys 2016/05/16 v1.4 Define keys (HO)
Package: pdftexcmds 2018/01/21 v0.26 Utility functions of pdfTeX for LuaTeX (HO
)
Package pdftexcmds Info: LuaTeX not detected.
Package pdftexcmds Info: \pdf@primitive is available.
Package pdftexcmds Info: \pdf@ifprimitive is available.
Package pdftexcmds Info: \pdfdraftmode found.
Package: pdfescape 2016/05/16 v1.14 Implements pdfTeX's escape features (HO)
Package: bigintcalc 2016/05/16 v1.4 Expandable calculations on big integers (HO
)
Package: bitset 2016/05/16 v1.2 Handle bit-vector datatype (HO)
Package: uniquecounter 2016/05/16 v1.3 Provide unlimited unique counter (HO)
)
Package hobsub Info: Skipping package `hobsub' (already loaded).
Package: letltxmacro 2016/05/16 v1.5 Let assignment for LaTeX macros (HO)
Package: hopatch 2016/05/16 v1.3 Wrapper for package hooks (HO)
Package: xcolor-patch 2016/05/16 xcolor patch
Package: atveryend 2016/05/16 v1.9 Hooks at the very end of document (HO)
Package atveryend Info: \enddocument detected (standard20110627).
Package: atbegshi 2016/06/09 v1.18 At begin shipout hook (HO)
Package: refcount 2016/05/16 v3.5 Data extraction from label references (HO)
Package: hycolor 2016/05/16 v1.8 Color options for hyperref/bookmark (HO)
)
(/usr/share/texmf-dist/tex/latex/oberdiek/auxhook.sty
Package: auxhook 2016/05/16 v1.4 Hooks for auxiliary files (HO)
)
(/usr/share/texmf-dist/tex/latex/oberdiek/kvoptions.sty
Package: kvoptions 2016/05/16 v3.12 Key value format for package options (HO)
)
\@linkdim=\dimen122
\Hy@linkcounter=\count123
\Hy@pagecounter=\count124

(/usr/share/texmf-dist/tex/latex/hyperref/pd1enc.def
File: pd1enc.def 2018/02/06 v6.86b Hyperref: PDFDocEncoding definition (HO)
)
\Hy@SavedSpaceFactor=\count125

(/usr/share/texmf-dist/tex/latex/latexconfig/hyperref.cfg
File: hyperref.cfg 2002/06/06 v1.2 hyperref configuration of TeXLive
)
Package hyperref Info: Option `bookmarks' set `true' on input line 4383.
Package hyperref Info: Hyper figures OFF on input line 4509.
Package hyperref Info: Link nesting OFF on input line 4514.
Package hyperref Info: Hyper index ON on input line 4517.
Package hyperref Info: Plain pages OFF on input line 4524.
Package hyperref Info: Backreferencing OFF on input line 4529.
Package hyperref Info: Implicit mode ON; LaTeX internals redefined.
Package hyperref Info: Bookmarks ON on input line 4762.
\c@Hy@tempcnt=\count126
LaTeX Info: Redefining \url on input line 5115.
\XeTeXLinkMargin=\dimen123
\Fld@menulength=\count127
\Field@Width=\dimen124
\Fld@charsize=\dimen125
Package hyperref Info: Hyper figures OFF on input line 6369.
Package hyperref Info: Link nesting OFF on input line 6374.
Package hyperref Info: Hyper index ON on input line 6377.
Package hyperref Info: backreferencing OFF on input line 6384.
Package hyperref Info: Link coloring OFF on input line 6389.
Package hyperref Info: Link coloring with OCG OFF on input line 6394.
Package hyperref Info: PDF/A mode OFF on input line 6399.
LaTeX Info: Redefining \ref on input line 6439.
LaTeX Info: Redefining \pageref on input line 6443.
\Hy@abspage=\count128
\c@Item=\count129
\c@Hfootnote=\count130
)
Package hyperref Info: Driver (autodetected): hpdftex.

(/usr/share/texmf-dist/tex/latex/hyperref/hpdftex.def
File: hpdftex.def 2018/02/06 v6.86b Hyperref driver for pdfTeX
\Fld@listcount=\count131
\c@bookmark@seq@number=\count132

(/usr/share/texmf-dist/tex/latex/oberdiek/rerunfilecheck.sty
Package: rerunfilecheck 2016/05/16 v1.8 Rerun checks for auxiliary files (HO)
Package uniquecounter Info: New unique counter `rerunfilecheck' on input line 2
82.
)
\Hy@SectionHShift=\skip80
)
(/usr/share/texmf-dist/tex/generic/babel/babel.sty
Package: babel 2018/02/14 3.18 The Babel package

(/usr/share/texmf-dist/tex/generic/babel/switch.def
File: switch.def 2018/02/14 3.18 Babel switching mechanism
)
(/usr/share/texmf-dist/tex/generic/babel-english/english.ldf
Language: english 2017/06/06 v3.3r English support from the babel system

(/usr/share/texmf-dist/tex/generic/babel/babel.def
File: babel.def 2018/02/14 3.18 Babel common definitions
\babel@savecnt=\count133
\U@D=\dimen126

(/usr/share/texmf-dist/tex/generic/babel/txtbabel.def)
\bbl@dirlevel=\count134
)
\l@canadian = a dialect from \language\l@american 
\l@australian = a dialect from \language\l@british 
\l@newzealand = a dialect from \language\l@british 
))
(/usr/share/texmf-dist/tex/latex/ucs/ucs.sty
Package: ucs 2013/05/11 v2.2 UCS: Unicode input support

(/usr/share/texmf-dist/tex/latex/ucs/data/uni-global.def
File: uni-global.def 2013/05/13 UCS: Unicode global data
)
\uc@secondtry=\count135
\uc@combtoks=\toks27
\uc@combtoksb=\toks28
\uc@temptokena=\toks29
)
(/usr/share/texmf-dist/tex/latex/base/inputenc.sty
Package: inputenc 2015/03/17 v1.2c Input encoding file
\inpenc@prehook=\toks30
\inpenc@posthook=\toks31

(/usr/share/texmf-dist/tex/latex/ucs/utf8x.def
File: utf8x.def 2004/10/17 UCS: Input encoding UTF-8
))
(/usr/share/texmf-dist/tex/latex/fancyvrb/fancyvrb.sty
Package: fancyvrb 2008/02/07

Style option: `fancyvrb' v2.7a, with DG/SPQR fixes, and firstline=lastline fix 
<2008/02/07> (tvz)
\FV@CodeLineNo=\count136
\FV@InFile=\read1
\FV@TabBox=\box35
\c@FancyVerbLine=\count137
\FV@StepNumber=\count138
\FV@OutFile=\write4
)
\@indexfile=\write5
\openout5 = `thinkperl6.idx'.


Writing index file thinkperl6.idx
(./thinkperl6.aux (./intro_part_2.aux))
\openout1 = `thinkperl6.aux'.

LaTeX Font Info:    Checking defaults for OML/cmm/m/it on input line 67.
LaTeX Font Info:    ... okay on input line 67.
LaTeX Font Info:    Checking defaults for T1/cmr/m/n on input line 67.
LaTeX Font Info:    ... okay on input line 67.
LaTeX Font Info:    Checking defaults for OT1/cmr/m/n on input line 67.
LaTeX Font Info:    ... okay on input line 67.
LaTeX Font Info:    Checking defaults for OMS/cmsy/m/n on input line 67.
LaTeX Font Info:    ... okay on input line 67.
LaTeX Font Info:    Checking defaults for OMX/cmex/m/n on input line 67.
LaTeX Font Info:    ... okay on input line 67.
LaTeX Font Info:    Checking defaults for U/cmr/m/n on input line 67.
LaTeX Font Info:    ... okay on input line 67.
LaTeX Font Info:    Checking defaults for TS1/cmr/m/n on input line 67.
LaTeX Font Info:    Try loading font information for TS1+cmr on input line 67.

(/usr/share/texmf-dist/tex/latex/base/ts1cmr.fd
File: ts1cmr.fd 2014/09/29 v2.5h Standard LaTeX font definitions
)
LaTeX Font Info:    ... okay on input line 67.
LaTeX Font Info:    Checking defaults for PD1/pdf/m/n on input line 67.
LaTeX Font Info:    ... okay on input line 67.
LaTeX Font Info:    Try loading font information for T1+ppl on input line 67.

(/usr/share/texmf-dist/tex/latex/psnfss/t1ppl.fd
File: t1ppl.fd 2001/06/04 font definitions for T1/ppl.
)
*geometry* driver: auto-detecting
*geometry* detected driver: pdftex
*geometry* verbose mode - [ preamble ] result:
* driver: pdftex
* paper: <default>
* layout: <same size as paper>
* layoutoffset:(h,v)=(0.0pt,0.0pt)
* hratio: 3:2
* vratio: 1:1
* modes: twoside 
* h-part:(L,W,R)=(130.086pt, 397.48499pt, 86.72401pt)
* v-part:(T,H,B)=(90.3375pt, 614.295pt, 90.3375pt)
* \paperwidth=614.295pt
* \paperheight=794.96999pt
* \textwidth=397.48499pt
* \textheight=614.295pt
* \oddsidemargin=57.81601pt
* \evensidemargin=14.45403pt
* \topmargin=-11.99998pt
* \headheight=12.0pt
* \headsep=18.06749pt
* \topskip=10.0pt
* \footskip=25.29494pt
* \marginparwidth=125.0pt
* \marginparsep=7.0pt
* \columnsep=10.0pt
* \skip\footins=9.0pt plus 4.0pt minus 2.0pt
* \hoffset=0.0pt
* \voffset=0.0pt
* \mag=1000
* \@twocolumnfalse
* \@twosidetrue
* \@mparswitchtrue
* \@reversemarginfalse
* (1in=72.27pt=25.4mm, 1cm=28.453pt)

(/usr/share/texmf-dist/tex/context/base/mkii/supp-pdf.mkii
[Loading MPS to PDF converter (version 2006.09.02).]
\scratchcounter=\count139
\scratchdimen=\dimen127
\scratchbox=\box36
\nofMPsegments=\count140
\nofMParguments=\count141
\everyMPshowfont=\toks32
\MPscratchCnt=\count142
\MPscratchDim=\dimen128
\MPnumerator=\count143
\makeMPintoPDFobject=\count144
\everyMPtoPDFconversion=\toks33
) (/usr/share/texmf-dist/tex/latex/oberdiek/epstopdf-base.sty
Package: epstopdf-base 2016/05/15 v2.6 Base part for package epstopdf

(/usr/share/texmf-dist/tex/latex/oberdiek/grfext.sty
Package: grfext 2016/05/16 v1.2 Manage graphics extensions (HO)
)
Package epstopdf-base Info: Redefining graphics rule for `.eps' on input line 4
38.
Package grfext Info: Graphics extension search list:
(grfext)             [.pdf,.png,.jpg,.mps,.jpeg,.jbig2,.jb2,.PDF,.PNG,.JPG,.JPE
G,.JBIG2,.JB2,.eps]
(grfext)             \AppendGraphicsExtensions on input line 456.

(/usr/share/texmf-dist/tex/latex/latexconfig/epstopdf-sys.cfg
File: epstopdf-sys.cfg 2010/07/13 v1.3 Configuration of (r)epstopdf for TeX Liv
e
))
\AtBeginShipoutBox=\box37
Package hyperref Info: Link coloring OFF on input line 67.

(/usr/share/texmf-dist/tex/latex/hyperref/nameref.sty
Package: nameref 2016/05/21 v2.44 Cross-referencing by name of section

(/usr/share/texmf-dist/tex/generic/oberdiek/gettitlestring.sty
Package: gettitlestring 2016/05/16 v1.5 Cleanup title references (HO)
)
\c@section@level=\count145
)
LaTeX Info: Redefining \ref on input line 67.
LaTeX Info: Redefining \pageref on input line 67.
LaTeX Info: Redefining \nameref on input line 67.

(./thinkperl6.out) (./thinkperl6.out)
\@outlinefile=\write6
\openout6 = `thinkperl6.out'.


(/usr/share/texmf-dist/tex/latex/ucs/ucsencs.def
File: ucsencs.def 2011/01/21 Fixes to fontencodings LGR, T3
)
\c@exercise=\count146
 (./latexonly.tex) [1


{/var/lib/texmf/fonts/map/pdftex/updmap/pdftex.map}] [2] [3]
LaTeX Font Info:    Try loading font information for TS1+ppl on input line 179.


(/usr/share/texmf-dist/tex/latex/psnfss/ts1ppl.fd
File: ts1ppl.fd 2001/06/04 font definitions for TS1/ppl.
)
LaTeX Font Info:    Try loading font information for T1+cmtt on input line 192.


(/usr/share/texmf-dist/tex/latex/base/t1cmtt.fd
File: t1cmtt.fd 2014/09/29 v2.5h Standard LaTeX font definitions
)
LaTeX Font Info:    Try loading font information for OT1+ppl on input line 192.


(/usr/share/texmf-dist/tex/latex/psnfss/ot1ppl.fd
File: ot1ppl.fd 2001/06/04 font definitions for OT1/ppl.
)
LaTeX Font Info:    Try loading font information for OML+zplm on input line 192
.

(/usr/share/texmf-dist/tex/latex/psnfss/omlzplm.fd
File: omlzplm.fd 2002/09/08 Fontinst v1.914 font definitions for OML/zplm.
)
LaTeX Font Info:    Try loading font information for OMS+zplm on input line 192
.

(/usr/share/texmf-dist/tex/latex/psnfss/omszplm.fd
File: omszplm.fd 2002/09/08 Fontinst v1.914 font definitions for OMS/zplm.
)
LaTeX Font Info:    Try loading font information for OMX+zplm on input line 192
.

(/usr/share/texmf-dist/tex/latex/psnfss/omxzplm.fd
File: omxzplm.fd 2002/09/08 Fontinst v1.914 font definitions for OMX/zplm.
)
LaTeX Font Info:    Try loading font information for OT1+zplm on input line 192
.

(/usr/share/texmf-dist/tex/latex/psnfss/ot1zplm.fd
File: ot1zplm.fd 2002/09/08 Fontinst v1.914 font definitions for OT1/zplm.
)
Underfull \hbox (badness 3108) in paragraph at lines 199--201
[]\T1/ppl/m/n/9 The L[]T[]X source for this book is avail-able from []$\T1/cmtt
/m/n/9 https : / / github . com / LaurentRosenfeld /
 []

Excluding 'htmlonly' comment. (./preface.tex [4]
LaTeX Font Info:    Font shape `T1/ppl/bx/n' in size <24.88> not available
(Font)              Font shape `T1/ppl/b/n' tried instead on input line 2.
LaTeX Font Info:    Font shape `T1/ppl/bx/n' in size <14.4> not available
(Font)              Font shape `T1/ppl/b/n' tried instead on input line 17.

Underfull \vbox (badness 1331) has occurred while \output is active []

 [5

]
LaTeX Font Info:    Font shape `T1/ppl/bx/n' in size <10> not available
(Font)              Font shape `T1/ppl/b/n' tried instead on input line 130.

[6] (/usr/share/texmf-dist/tex/latex/ucs/data/uni-0.def
File: uni-0.def 2013/05/13 UCS: Unicode data U+0000..U+00FF
) [7] [8

]
(./thinkperl6.toc
LaTeX Font Info:    Font shape `T1/ppl/bx/n' in size <12> not available
(Font)              Font shape `T1/ppl/b/n' tried instead on input line 3.
 [9

] [10] [11] [12] [13] [14] [15] [16] [17] [18] [19])
\tf@toc=\write7
\openout7 = `thinkperl6.toc'.


[20])
LaTeX Font Info:    Font shape `T1/ppl/bx/n' in size <20.74> not available
(Font)              Font shape `T1/ppl/b/n' tried instead on input line 237.
 [1



] [2] (./intro_part_1.tex) (./chapt1.tex [3] [4

]
Chapter 1.
[5] [6]
LaTeX Font Info:    Try loading font information for TS1+cmtt on input line 172
.
 (/usr/share/texmf-dist/tex/latex/base/ts1cmtt.fd
File: ts1cmtt.fd 2014/09/29 v2.5h Standard LaTeX font definitions
) [7] [8] [9] [10]
[11] [12] [13]) (./chapt_var_expr.tex [14]
Chapter 2.
[15

]
<figs/test_5.png, id=2178, 526.3665pt x 85.5195pt>
File: figs/test_5.png Graphic file (type png)
<use figs/test_5.png>
Package pdftex.def Info: figs/test_5.png  used on input line 135.
(pdftex.def)             Requested size: 315.82234pt x 51.31207pt.
 [16] (/usr/share/texmf-dist/tex/latex/ucs/data/uni-3.def
File: uni-3.def 2013/05/13 UCS: Unicode data U+0300..U+03FF
) [17 <./figs/test_5.png>] [18] [19] [20] [21] [22] [23] [24] [25]) (./chapt_fu
nc.tex [26]
Chapter 3.
[27

] [28] [29] [30] [31] [32] [33] [34] [35] [36]
<figs/stack_diagram.png, id=2294, 566.115pt x 218.31563pt>
File: figs/stack_diagram.png Graphic file (type png)
<use figs/stack_diagram.png>
Package pdftex.def Info: figs/stack_diagram.png  used on input line 815.
(pdftex.def)             Requested size: 452.89261pt x 174.65273pt.
 [37] [38 <./figs/stack_diagram.png (PNG copy)>] [39] [40] [41] [42] [43] [44] 
[45]
Underfull \hbox (badness 4713) in paragraph at lines 1544--1548
[]\T1/ppl/b/n/10 Exercise 3.1. \T1/ppl/m/it/10 Write a sub-rou-tine named [][]\
T1/cmtt/m/n/10 right-justify []\T1/ppl/m/it/10 that takes a string named
 []


LaTeX Font Warning: Font shape `T1/cmtt/m/up' undefined
(Font)              using `T1/cmtt/m/n' instead on input line 1549.


LaTeX Font Warning: Font shape `TS1/cmtt/m/up' undefined
(Font)              using `TS1/cmtt/m/n' instead
(Font)              for symbol `textquotesingle' on input line 1550.

[46]) (./Conditional_and_recursion.tex [47] [48

]
Chapter 4.
[49]
Underfull \hbox (badness 2884) in paragraph at lines 85--91
[]\T1/ppl/m/n/10 To tell the truth, Perl 6 also has a spe-cific op-er-a-tor for
 di-vis-i-bil-ity, [][]\T1/cmtt/m/up/10 %%[]\T1/ppl/m/n/10 . The
 []

[50] [51] [52] [53] [54] [55] [56] [57] [58] [59]
Underfull \hbox (badness 5741) in paragraph at lines 933--935
[]\T1/ppl/m/n/10 The ex-e-cu-tion of \T1/cmtt/m/up/10 countdown \T1/ppl/m/n/10 
be-gins with \T1/cmtt/m/up/10 $time-left = 2\T1/ppl/m/n/10 , and since
 []

[60]
<figs/stack2.png, id=2414, 423.5825pt x 301.125pt>
File: figs/stack2.png Graphic file (type png)
<use figs/stack2.png>
Package pdftex.def Info: figs/stack2.png  used on input line 1028.
(pdftex.def)             Requested size: 254.15146pt x 180.67638pt.
 [61 <./figs/stack2.png (PNG copy)>]
LaTeX Font Info:    Try loading font information for T1+cmss on input line 1087
.

(/usr/share/texmf-dist/tex/latex/base/t1cmss.fd
File: t1cmss.fd 2014/09/29 v2.5h Standard LaTeX font definitions
) [62] [63] [64] [65] [66])
(./Fruitful_func.tex [67] [68

]
Chapter 5.
[69] [70] [71] [72]
Underfull \hbox (badness 1430) in paragraph at lines 389--393
\T1/ppl/m/n/10 It is com-mon to give Boolean func-tions names that sound like y
es/no ques-tions;
 []

[73] [74] [75] [76]
<figs/stack3.pdf, id=2510, 320.19624pt x 150.5625pt>
File: figs/stack3.pdf Graphic file (type pdf)
<use figs/stack3.pdf>
Package pdftex.def Info: figs/stack3.pdf  used on input line 645.
(pdftex.def)             Requested size: 256.15733pt x 120.45015pt.
 [77 <./figs/stack3.pdf>] [78]
(/usr/share/texmf-dist/tex/latex/ucs/data/uni-32.def
File: uni-32.def 2013/05/13 UCS: Unicode data U+2000..U+20FF
) [79] [80] [81] [82]
[83]) (./iteration.tex [84]
Chapter 6.
[85

]
<figs/reassignment.png, id=2577, 214.8025pt x 149.55875pt>
File: figs/reassignment.png Graphic file (type png)
<use figs/reassignment.png>
Package pdftex.def Info: figs/reassignment.png  used on input line 85.
(pdftex.def)             Requested size: 107.40099pt x 74.77919pt.
 [86 <./figs/reassignment.png (PNG copy)>] [87] [88] [89] [90] [91]
[92] [93] [94] [95] [96]) (./Strings.tex [97] [98

]
Chapter 7.
[99] [100] [101] [102] [103] [104] [105] [106] [107] [108] [109] [110] [111]
[112] [113] [114] [115] [116] [117] [118] [119] [120] [121]
<figs/state6.png, id=2778, 591.20876pt x 126.4725pt>
File: figs/state6.png Graphic file (type png)
<use figs/state6.png>
Package pdftex.def Info: figs/state6.png  used on input line 1955.
(pdftex.def)             Requested size: 295.60365pt x 63.23608pt.
 [122 <./figs/state6.png (PNG copy)>] [123]
Underfull \vbox (badness 10000) has occurred while \output is active []

 [124])
(./wordplay.tex [125] [126

]
Chapter 8.
[127] [128] [129] [130] [131] [132] [133] [134] [135] [136]
Underfull \hbox (badness 1975) in paragraph at lines 816--823
[]\T1/ppl/b/n/10 Exercise 8.8. \T1/ppl/m/it/10 Here's an-other \T1/ppl/m/n/10 C
ar Talk \T1/ppl/m/it/10 Puz-zler ([]$\T1/cmtt/m/it/10 http : / / www . cartalk 
. com / content /
 []

) (./Arrays.tex [137] [138

]
Chapter 9.
[139] [140] [141] [142] [143] [144] [145] [146] [147] [148] [149] [150]
[151] [152] [153] [154] [155] [156] [157] [158] [159] [160] [161] [162]
[163]) (./hashes.tex [164]
Chapter 10.
[165

] [166]

LaTeX Warning: Reference `multidimensional array' on page 167 undefined on inpu
t line 229.


LaTeX Warning: Reference `multidimensional array' on page 167 undefined on inpu
t line 230.

[167] [168] [169]
Underfull \hbox (badness 2626) in paragraph at lines 490--496
\T1/ppl/m/n/10 Given a hash [][]\T1/cmtt/m/up/10 %hash []\T1/ppl/m/n/10 and a k
ey [][]\T1/cmtt/m/up/10 $k[]\T1/ppl/m/n/10 , it is easy to find the cor-re-spon
d-ing value
 []

[170] [171] [172] [173] [174]
<figs/hash1.png, id=3071, 511.9125pt x 182.6825pt>
File: figs/hash1.png Graphic file (type png)
<use figs/hash1.png>
Package pdftex.def Info: figs/hash1.png  used on input line 852.
(pdftex.def)             Requested size: 409.53056pt x 146.14618pt.
 [175]
<figs/fibonacci.png, id=3082, 511.9125pt x 234.8775pt>
File: figs/fibonacci.png Graphic file (type png)
<use figs/fibonacci.png>
Package pdftex.def Info: figs/fibonacci.png  used on input line 932.
(pdftex.def)             Requested size: 358.3363pt x 164.41312pt.
 [176 <./figs/hash1.png (PNG copy)>]
Underfull \hbox (badness 3128) in paragraph at lines 1009--1015
\T1/ppl/m/n/10 You may need a pro-ce-dure to launch some ac-tion de-pend-ing on
 the value of
 []


Underfull \hbox (badness 2376) in paragraph at lines 1009--1015
\T1/ppl/m/n/10 a pa-ram-e-ter re-ceived by the pro-gram. To do that, you could 
use a se-ries of
 []

[177 <./figs/fibonacci.png (PNG copy)>] [178] [179] [180] [181])
(./data_struct_selection.tex [182]
Chapter 11.
[183

] [184] [185] [186] [187] [188] [189] [190] [191] [192] [193] [194]
(/usr/share/texmf-dist/tex/latex/ucs/data/uni-34.def
File: uni-34.def 2013/05/13 UCS: Unicode data U+2200..U+22FF
) [195] [196] [197]
[198] [199] [200] [201] [202]
<figs/figure_heap.png, id=3261, 204.765pt x 182.18062pt>
File: figs/figure_heap.png Graphic file (type png)
<use figs/figure_heap.png>
Package pdftex.def Info: figs/figure_heap.png  used on input line 1558.
(pdftex.def)             Requested size: 204.76448pt x 182.18016pt.
 [203 <./figs/figure_heap.png>] [204]
<figs/figure_heap2.png, id=3274, 356.0803pt x 212.29312pt>
File: figs/figure_heap2.png Graphic file (type png)
<use figs/figure_heap2.png>
Package pdftex.def Info: figs/figure_heap2.png  used on input line 1649.
(pdftex.def)             Requested size: 356.07944pt x 212.2926pt.
 [205 <./figs/figure_heap2.png>] [206]
<figs/International_Morse_Code.PNG, id=3289, 433.62pt x 393.47pt>
File: figs/International_Morse_Code.PNG Graphic file (type png)
<use figs/International_Morse_Code.PNG>
Package pdftex.def Info: figs/International_Morse_Code.PNG  used on input line 
1831.
(pdftex.def)             Requested size: 260.17401pt x 236.0838pt.
 [207] [208 <./figs/International_Morse_Code.PNG (PNG copy)>] [209] [210]) [211
] [212

] [213] [214]
\openout2 = `intro_part_2.aux'.

 (./intro_part_2.tex) [215

]
(./objects.tex [216


]
Chapter 12.
[217] [218] [219]
<figs/point2D.png, id=3369, 278.84175pt x 100.57574pt>
File: figs/point2D.png Graphic file (type png)
<use figs/point2D.png>
Package pdftex.def Info: figs/point2D.png  used on input line 306.
(pdftex.def)             Requested size: 223.07368pt x 80.4607pt.
 [220 <./figs/point2D.png>] [221] [222] [223] [224]
<figs/rectangle.png, id=3394, 529.37775pt x 153.57375pt>
File: figs/rectangle.png Graphic file (type png)
<use figs/rectangle.png>
Package pdftex.def Info: figs/rectangle.png  used on input line 714.
(pdftex.def)             Requested size: 423.50276pt x 122.85915pt.
 [225 <./figs/rectangle.png>] [226] [227] [228]
Underfull \hbox (badness 10000) in paragraph at lines 1062--1070
[]\T1/ppl/m/n/10 Here, when the user code in-vokes the \T1/cmtt/m/up/10 coordin
ates\T1/ppl/m/n/10 , \T1/cmtt/m/up/10 distance2center\T1/ppl/m/n/10 , and
 []

[229] [230] [231] [232] [233] [234] [235] [236] [237] [238] [239] [240]
[241] [242] [243] [244] [245] [246]) (./grammars.tex [247] [248

]
Chapter 13.
[249] [250] [251] [252] [253] [254] [255] [256] [257] [258] [259] [260]
[261] [262] [263] [264] [265] [266] [267] [268]) (./functional.tex [269]
[270

]
Chapter 14.
[271] [272] [273]
Underfull \hbox (badness 5578) in paragraph at lines 309--317
[]\T1/ppl/m/n/10 The mag-i-cal thing here is that the [][]\T1/cmtt/m/up/10 $cou
nter []\T1/ppl/m/n/10 vari-able is out of scope when
 []

[274] [275] [276] [277] [278] [279] [280] [281] [282] [283] [284] [285]
[286] [287] [288] [289] [290] [291] [292] [293] [294] [295] [296] [297]
[298] [299] [300] [301] [302] [303] [304] [305]) (./conclusion.tex [306]
Chapter 15.
[307

] [308] [309]
Underfull \hbox (badness 2237) in paragraph at lines 311--315
[]\T1/ppl/m/n/10 The [][]\T1/cmtt/m/up/10 .kv []\T1/ppl/m/n/10 method, in com-b
i-na-tion
 []

[310]
LaTeX Font Info:    Font shape `T1/ppl/bx/it' in size <10> not available
(Font)              Font shape `T1/ppl/b/it' tried instead on input line 338.
 [311] [312]) (./appendix_solutions.tex [313] [314

]
Appendix A.
[315] [316] [317]
Underfull \hbox (badness 1975) in paragraph at lines 229--233
[]\T1/ppl/m/n/10 There are ob-vi-ously bet-ter ways to do some-thing four times
 than just re-peat-ing
 []

[318] [319] [320] [321] [322] [323] [324] [325] [326] [327] [328] [329]
[330] [331] [332] [333] [334] [335] [336] [337] [338] [339] [340] [341]
[342] [343] [344] [345] [346] [347] [348] [349] [350] [351] [352] [353]
[354] [355] [356] [357] [358] [359] [360] [361] [362] [363] [364] [365]
[366] [367] [368] [369] [370] [371] [372] [373] [374] [375] [376] [377]
[378] [379] [380] [381] [382] [383] [384] [385] [386] [387] [388] [389]
Underfull \hbox (badness 4441) in paragraph at lines 5321--5327
[]\T1/ppl/m/n/10 I had orig-i-nally called the new sub-rou-tine \T1/cmtt/m/up/1
0 check-feb-29 \T1/ppl/m/n/10 but I changed it to
 []

[390] [391] [392] [393]) (./thinkperl6.ind [394] [395

] [396] [397] [398]
Underfull \hbox (badness 1231) in paragraph at lines 510--511
[]| \T1/ppl/m/n/10 re-cur-sive func-tion with de-bug state-
 []

[399] [400] [401] [402]
Underfull \hbox (badness 2150) in paragraph at lines 1016--1018
[]| \T1/ppl/m/n/10 non func-tional im-ple-men-ta-tion, []298[],
 []

[403] [404] [405]
Underfull \hbox (badness 2150) in paragraph at lines 1298--1299
[]\T1/ppl/m/n/10 PCRE (Perl Com-pat-i-ble Reg-u-lar Ex-pres-
 []


Underfull \hbox (badness 10000) in paragraph at lines 1302--1303
[]\T1/ppl/m/n/10 Perl Com-pat-i-ble Reg-u-lar Ex-pres-sions
 []

[406] [407]
Underfull \hbox (badness 2150) in paragraph at lines 1623--1625
[]| \T1/ppl/m/n/10 trans-for-ma-tion sub-rou-tine, []160[], []354[],
 []

[408] [409]
Underfull \hbox (badness 10000) in paragraph at lines 1777--1779
[]\T1/ppl/m/n/10 The Lit-tle Prince (An-toine de Saint-
 []

[410] [411])
Package atveryend Info: Empty hook `BeforeClearDocument' on input line 289.
Package atveryend Info: Empty hook `AfterLastShipout' on input line 289.
 (./thinkperl6.aux (./intro_part_2.aux))
Package atveryend Info: Executing hook `AtVeryEndDocument' on input line 289.
Package atveryend Info: Executing hook `AtEndAfterFileList' on input line 289.
Package rerunfilecheck Info: File `thinkperl6.out' has not changed.
(rerunfilecheck)             Checksum: 2A418F09E7AD2B7030D7E5B8EC618931;28078.


LaTeX Font Warning: Some font shapes were not available, defaults substituted.


LaTeX Warning: There were undefined references.

Package atveryend Info: Empty hook `AtVeryVeryEnd' on input line 289.
 ) 
Here is how much of TeX's memory you used:
 12623 strings out of 492982
 173325 string characters out of 6138580
 267665 words of memory out of 5000000
 14885 multiletter control sequences out of 15000+600000
 55619 words of font info for 116 fonts, out of 8000000 for 9000
 1141 hyphenation exceptions out of 8191
 32i,12n,43p,547b,613s stack positions out of 5000i,500n,10000p,200000b,80000s
pdfTeX warning (dest): name{exercise.11.9} has been referenced but does not e
xist, replaced by a fixed one

{/usr/share/texmf-dist/fonts/enc/dvips/base/8r.enc}{/usr/share/texmf-dist/fonts
/enc/dvips/cm-super/cm-super-t1.enc}{/usr/share/texmf-dist/fonts/enc/dvips/cm-s
uper/cm-super-ts1.enc}</usr/share/texmf-dist/fonts/type1/public/amsfonts/cm/cme
x10.pfb></usr/share/texmf-dist/fonts/type1/public/amsfonts/cm/cmmi10.pfb></usr/
share/texmf-dist/fonts/type1/public/amsfonts/cm/cmr10.pfb></usr/share/texmf-dis
t/fonts/type1/public/amsfonts/cm/cmsy10.pfb></usr/share/texmf-dist/fonts/type1/
public/mathpazo/fplmr.pfb></usr/share/texmf-dist/fonts/type1/public/mathpazo/fp
lmri.pfb></usr/share/texmf-dist/fonts/type1/public/cm-super/sfit1000.pfb></usr/
share/texmf-dist/fonts/type1/public/cm-super/sfss1000.pfb></usr/share/texmf-dis
t/fonts/type1/public/cm-super/sftt0800.pfb></usr/share/texmf-dist/fonts/type1/p
ublic/cm-super/sftt0900.pfb></usr/share/texmf-dist/fonts/type1/public/cm-super/
sftt1000.pfb></usr/share/texmf-dist/fonts/type1/public/cm-super/sftt1200.pfb></
usr/share/texmf-dist/fonts/type1/public/cm-super/sftt1440.pfb></usr/share/texmf
-dist/fonts/type1/urw/palatino/uplb8a.pfb></usr/share/texmf-dist/fonts/type1/ur
w/palatino/uplbi8a.pfb></usr/share/texmf-dist/fonts/type1/urw/palatino/uplr8a.p
fb></usr/share/texmf-dist/fonts/type1/urw/palatino/uplri8a.pfb>
Output written on thinkperl6.pdf (431 pages, 1481121 bytes).
PDF statistics:
 7773 PDF objects out of 8907 (max. 8388607)
 7231 compressed objects within 73 object streams
 1005 named destinations out of 1200 (max. 500000)
 2938 words of extra memory for PDF output out of 10000 (max. 10000000)

